0 info it worked if it ends with ok
1 verbose cli [ '/usr/local/bin/node',
1 verbose cli   '/usr/local/bin/npm',
1 verbose cli   'install',
1 verbose cli   'Chart.js',
1 verbose cli   '--save' ]
2 info using npm@3.10.10
3 info using node@v7.2.1
4 verbose config Skipping project config: /Users/vugranamsreedhar/.npmrc. (matches userconfig)
5 silly loadCurrentTree Starting
6 silly install loadCurrentTree
7 silly install readLocalPackageData
8 silly fetchPackageMetaData Chart.js
9 silly fetchOtherPackageData Chart.js
10 silly cache add args [ 'Chart.js', null ]
11 verbose cache add spec Chart.js
12 silly cache add parsed spec Result {
12 silly cache add   raw: 'Chart.js',
12 silly cache add   scope: null,
12 silly cache add   escapedName: 'Chart.js',
12 silly cache add   name: null,
12 silly cache add   rawSpec: 'Chart.js',
12 silly cache add   spec: '/Users/vugranamsreedhar/Projects/sbssai123.github.io/Chart.js',
12 silly cache add   type: 'local' }
13 silly addLocalTarball shasum (computed) b1bf14a24ff7790b41fb6542cf0baf38818d31b5
14 verbose addTmpTarball /Users/vugranamsreedhar/Projects/sbssai123.github.io/Chart.js not in flight; adding
15 verbose correctMkdir /Users/vugranamsreedhar/.npm correctMkdir not in flight; initializing
16 verbose addTmpTarball validating metadata from /Users/vugranamsreedhar/Projects/sbssai123.github.io/Chart.js
17 verbose tar unpack /Users/vugranamsreedhar/Projects/sbssai123.github.io/Chart.js
18 verbose tar unpacking to /var/folders/cv/q57jdwzn70l9mlg7z3b3kwvc0000gn/T/npm-38762-481181b0/unpack-c7aa6798
19 silly gentlyRm /var/folders/cv/q57jdwzn70l9mlg7z3b3kwvc0000gn/T/npm-38762-481181b0/unpack-c7aa6798 is being purged
20 verbose gentlyRm don't care about contents; nuking /var/folders/cv/q57jdwzn70l9mlg7z3b3kwvc0000gn/T/npm-38762-481181b0/unpack-c7aa6798
21 silly gunzTarPerm modes [ '755', '644' ]
22 error not a package /Users/vugranamsreedhar/Projects/sbssai123.github.io/Chart.js
23 error addLocal Could not install /Users/vugranamsreedhar/Projects/sbssai123.github.io/Chart.js
24 silly fetchPackageMetaData Error: ENOENT: no such file or directory, open '/var/folders/cv/q57jdwzn70l9mlg7z3b3kwvc0000gn/T/npm-38762-481181b0/unpack-c7aa6798/package.json'
24 silly fetchPackageMetaData  error for Chart.js { Error: ENOENT: no such file or directory, open '/var/folders/cv/q57jdwzn70l9mlg7z3b3kwvc0000gn/T/npm-38762-481181b0/unpack-c7aa6798/package.json'
24 silly fetchPackageMetaData   errno: -2,
24 silly fetchPackageMetaData   code: 'ENOENT',
24 silly fetchPackageMetaData   syscall: 'open',
24 silly fetchPackageMetaData   path: '/var/folders/cv/q57jdwzn70l9mlg7z3b3kwvc0000gn/T/npm-38762-481181b0/unpack-c7aa6798/package.json' }
25 silly rollbackFailedOptional Starting
26 silly rollbackFailedOptional Finishing
27 silly runTopLevelLifecycles Finishing
28 silly install printInstalled
29 verbose stack Error: ENOENT: no such file or directory, open '/var/folders/cv/q57jdwzn70l9mlg7z3b3kwvc0000gn/T/npm-38762-481181b0/unpack-c7aa6798/package.json'
30 verbose cwd /Users/vugranamsreedhar/Projects/sbssai123.github.io
31 error Darwin 16.3.0
32 error argv "/usr/local/bin/node" "/usr/local/bin/npm" "install" "Chart.js" "--save"
33 error node v7.2.1
34 error npm  v3.10.10
35 error path /var/folders/cv/q57jdwzn70l9mlg7z3b3kwvc0000gn/T/npm-38762-481181b0/unpack-c7aa6798/package.json
36 error code ENOENT
37 error errno -2
38 error syscall open
39 error enoent ENOENT: no such file or directory, open '/var/folders/cv/q57jdwzn70l9mlg7z3b3kwvc0000gn/T/npm-38762-481181b0/unpack-c7aa6798/package.json'
40 error enoent ENOENT: no such file or directory, open '/var/folders/cv/q57jdwzn70l9mlg7z3b3kwvc0000gn/T/npm-38762-481181b0/unpack-c7aa6798/package.json'
40 error enoent This is most likely not a problem with npm itself
40 error enoent and is related to npm not being able to find a file.
41 verbose exit [ -2, true ]
